-------------------------------------------------------------------------------
Test set: weka.core.OptionHandlersTest
-------------------------------------------------------------------------------
Tests run: 1870, Failures: 54, Errors: 0, Skipped: 0, Time elapsed: 0.308 sec <<< FAILURE!
testSetOptions(weka.core.OptionHandlersTest$OptionHandlerTest)  Time elapsed: 0 sec  <<< FAILURE!
junit.framework.AssertionFailedError: weka.core.converters.C45Saver: setOptions method failed.
	at junit.framework.Assert.fail(Assert.java:47)
	at weka.core.OptionHandlersTest$OptionHandlerTest.testSetOptions(OptionHandlersTest.java:141)

testRemainingOptions(weka.core.OptionHandlersTest$OptionHandlerTest)  Time elapsed: 0 sec  <<< FAILURE!
junit.framework.AssertionFailedError: weka.core.converters.C45Saver: There were 'left-over' options.
	at junit.framework.Assert.fail(Assert.java:47)
	at weka.core.OptionHandlersTest$OptionHandlerTest.testRemainingOptions(OptionHandlersTest.java:153)

testCanonicalUserOptions(weka.core.OptionHandlersTest$OptionHandlerTest)  Time elapsed: 0 sec  <<< FAILURE!
junit.framework.AssertionFailedError: weka.core.converters.C45Saver: setOptions method failed
	at junit.framework.Assert.fail(Assert.java:47)
	at weka.core.OptionHandlersTest$OptionHandlerTest.testCanonicalUserOptions(OptionHandlersTest.java:167)

testResettingOptions(weka.core.OptionHandlersTest$OptionHandlerTest)  Time elapsed: 0.001 sec  <<< FAILURE!
junit.framework.AssertionFailedError: weka.core.converters.C45Saver: Resetting of options failed
	at junit.framework.Assert.fail(Assert.java:47)
	at weka.core.OptionHandlersTest$OptionHandlerTest.testResettingOptions(OptionHandlersTest.java:179)

testSetOptions(weka.core.OptionHandlersTest$OptionHandlerTest)  Time elapsed: 0 sec  <<< FAILURE!
junit.framework.AssertionFailedError: weka.datagenerators.clusterers.SubspaceClusterDefinition: setOptions method failed.
	at junit.framework.Assert.fail(Assert.java:47)
	at weka.core.OptionHandlersTest$OptionHandlerTest.testSetOptions(OptionHandlersTest.java:141)

testRemainingOptions(weka.core.OptionHandlersTest$OptionHandlerTest)  Time elapsed: 0.001 sec  <<< FAILURE!
junit.framework.AssertionFailedError: weka.datagenerators.clusterers.SubspaceClusterDefinition: There were 'left-over' options.
	at junit.framework.Assert.fail(Assert.java:47)
	at weka.core.OptionHandlersTest$OptionHandlerTest.testRemainingOptions(OptionHandlersTest.java:153)

testCanonicalUserOptions(weka.core.OptionHandlersTest$OptionHandlerTest)  Time elapsed: 0 sec  <<< FAILURE!
junit.framework.AssertionFailedError: weka.datagenerators.clusterers.SubspaceClusterDefinition: setOptions method failed
	at junit.framework.Assert.fail(Assert.java:47)
	at weka.core.OptionHandlersTest$OptionHandlerTest.testCanonicalUserOptions(OptionHandlersTest.java:167)

testResettingOptions(weka.core.OptionHandlersTest$OptionHandlerTest)  Time elapsed: 0.001 sec  <<< FAILURE!
junit.framework.AssertionFailedError: weka.datagenerators.clusterers.SubspaceClusterDefinition: Resetting of options failed
	at junit.framework.Assert.fail(Assert.java:47)
	at weka.core.OptionHandlersTest$OptionHandlerTest.testResettingOptions(OptionHandlersTest.java:179)

testCanonicalUserOptions(weka.core.OptionHandlersTest$OptionHandlerTest)  Time elapsed: 0.005 sec  <<< FAILURE!
junit.framework.AssertionFailedError: weka.core.converters.DatabaseLoader: setOptions method failed
	at junit.framework.Assert.fail(Assert.java:47)
	at weka.core.OptionHandlersTest$OptionHandlerTest.testCanonicalUserOptions(OptionHandlersTest.java:167)

testSetOptions(weka.core.OptionHandlersTest$OptionHandlerTest)  Time elapsed: 0 sec  <<< FAILURE!
junit.framework.AssertionFailedError: weka.core.converters.TextDirectoryLoader: setOptions method failed.
	at junit.framework.Assert.fail(Assert.java:47)
	at weka.core.OptionHandlersTest$OptionHandlerTest.testSetOptions(OptionHandlersTest.java:141)

testRemainingOptions(weka.core.OptionHandlersTest$OptionHandlerTest)  Time elapsed: 0.001 sec  <<< FAILURE!
junit.framework.AssertionFailedError: weka.core.converters.TextDirectoryLoader: There were 'left-over' options.
	at junit.framework.Assert.fail(Assert.java:47)
	at weka.core.OptionHandlersTest$OptionHandlerTest.testRemainingOptions(OptionHandlersTest.java:153)

testCanonicalUserOptions(weka.core.OptionHandlersTest$OptionHandlerTest)  Time elapsed: 0 sec  <<< FAILURE!
junit.framework.AssertionFailedError: weka.core.converters.TextDirectoryLoader: setOptions method failed
	at junit.framework.Assert.fail(Assert.java:47)
	at weka.core.OptionHandlersTest$OptionHandlerTest.testCanonicalUserOptions(OptionHandlersTest.java:167)

testResettingOptions(weka.core.OptionHandlersTest$OptionHandlerTest)  Time elapsed: 0.001 sec  <<< FAILURE!
junit.framework.AssertionFailedError: weka.core.converters.TextDirectoryLoader: Resetting of options failed
	at junit.framework.Assert.fail(Assert.java:47)
	at weka.core.OptionHandlersTest$OptionHandlerTest.testResettingOptions(OptionHandlersTest.java:179)

testCanonicalUserOptions(weka.core.OptionHandlersTest$OptionHandlerTest)  Time elapsed: 0.001 sec  <<< FAILURE!
junit.framework.AssertionFailedError: weka.attributeSelection.SubsetSizeForwardSelection: setOptions method failed
	at junit.framework.Assert.fail(Assert.java:47)
	at weka.core.OptionHandlersTest$OptionHandlerTest.testCanonicalUserOptions(OptionHandlersTest.java:167)

testSetOptions(weka.core.OptionHandlersTest$OptionHandlerTest)  Time elapsed: 0 sec  <<< FAILURE!
junit.framework.AssertionFailedError: weka.experiment.ClassifierSplitEvaluator: setOptions method failed.
	at junit.framework.Assert.fail(Assert.java:47)
	at weka.core.OptionHandlersTest$OptionHandlerTest.testSetOptions(OptionHandlersTest.java:141)

testRemainingOptions(weka.core.OptionHandlersTest$OptionHandlerTest)  Time elapsed: 0 sec  <<< FAILURE!
junit.framework.AssertionFailedError: weka.experiment.ClassifierSplitEvaluator: There were 'left-over' options.
	at junit.framework.Assert.fail(Assert.java:47)
	at weka.core.OptionHandlersTest$OptionHandlerTest.testRemainingOptions(OptionHandlersTest.java:153)

testCanonicalUserOptions(weka.core.OptionHandlersTest$OptionHandlerTest)  Time elapsed: 0 sec  <<< FAILURE!
junit.framework.AssertionFailedError: weka.experiment.ClassifierSplitEvaluator: setOptions method failed
	at junit.framework.Assert.fail(Assert.java:47)
	at weka.core.OptionHandlersTest$OptionHandlerTest.testCanonicalUserOptions(OptionHandlersTest.java:167)

testResettingOptions(weka.core.OptionHandlersTest$OptionHandlerTest)  Time elapsed: 0.001 sec  <<< FAILURE!
junit.framework.AssertionFailedError: weka.experiment.ClassifierSplitEvaluator: Resetting of options failed
	at junit.framework.Assert.fail(Assert.java:47)
	at weka.core.OptionHandlersTest$OptionHandlerTest.testResettingOptions(OptionHandlersTest.java:179)

testSetOptions(weka.core.OptionHandlersTest$OptionHandlerTest)  Time elapsed: 0 sec  <<< FAILURE!
junit.framework.AssertionFailedError: weka.experiment.CostSensitiveClassifierSplitEvaluator: setOptions method failed.
	at junit.framework.Assert.fail(Assert.java:47)
	at weka.core.OptionHandlersTest$OptionHandlerTest.testSetOptions(OptionHandlersTest.java:141)

testRemainingOptions(weka.core.OptionHandlersTest$OptionHandlerTest)  Time elapsed: 0.001 sec  <<< FAILURE!
junit.framework.AssertionFailedError: weka.experiment.CostSensitiveClassifierSplitEvaluator: There were 'left-over' options.
	at junit.framework.Assert.fail(Assert.java:47)
	at weka.core.OptionHandlersTest$OptionHandlerTest.testRemainingOptions(OptionHandlersTest.java:153)

testCanonicalUserOptions(weka.core.OptionHandlersTest$OptionHandlerTest)  Time elapsed: 0 sec  <<< FAILURE!
junit.framework.AssertionFailedError: weka.experiment.CostSensitiveClassifierSplitEvaluator: setOptions method failed
	at junit.framework.Assert.fail(Assert.java:47)
	at weka.core.OptionHandlersTest$OptionHandlerTest.testCanonicalUserOptions(OptionHandlersTest.java:167)

testResettingOptions(weka.core.OptionHandlersTest$OptionHandlerTest)  Time elapsed: 0 sec  <<< FAILURE!
junit.framework.AssertionFailedError: weka.experiment.CostSensitiveClassifierSplitEvaluator: Resetting of options failed
	at junit.framework.Assert.fail(Assert.java:47)
	at weka.core.OptionHandlersTest$OptionHandlerTest.testResettingOptions(OptionHandlersTest.java:179)

testSetOptions(weka.core.OptionHandlersTest$OptionHandlerTest)  Time elapsed: 0 sec  <<< FAILURE!
junit.framework.AssertionFailedError: weka.experiment.DensityBasedClustererSplitEvaluator: setOptions method failed.
	at junit.framework.Assert.fail(Assert.java:47)
	at weka.core.OptionHandlersTest$OptionHandlerTest.testSetOptions(OptionHandlersTest.java:141)

testRemainingOptions(weka.core.OptionHandlersTest$OptionHandlerTest)  Time elapsed: 0 sec  <<< FAILURE!
junit.framework.AssertionFailedError: weka.experiment.DensityBasedClustererSplitEvaluator: There were 'left-over' options.
	at junit.framework.Assert.fail(Assert.java:47)
	at weka.core.OptionHandlersTest$OptionHandlerTest.testRemainingOptions(OptionHandlersTest.java:153)

testCanonicalUserOptions(weka.core.OptionHandlersTest$OptionHandlerTest)  Time elapsed: 0 sec  <<< FAILURE!
junit.framework.AssertionFailedError: weka.experiment.DensityBasedClustererSplitEvaluator: setOptions method failed
	at junit.framework.Assert.fail(Assert.java:47)
	at weka.core.OptionHandlersTest$OptionHandlerTest.testCanonicalUserOptions(OptionHandlersTest.java:167)

testResettingOptions(weka.core.OptionHandlersTest$OptionHandlerTest)  Time elapsed: 0 sec  <<< FAILURE!
junit.framework.AssertionFailedError: weka.experiment.DensityBasedClustererSplitEvaluator: Resetting of options failed
	at junit.framework.Assert.fail(Assert.java:47)
	at weka.core.OptionHandlersTest$OptionHandlerTest.testResettingOptions(OptionHandlersTest.java:179)

testSetOptions(weka.core.OptionHandlersTest$OptionHandlerTest)  Time elapsed: 0 sec  <<< FAILURE!
junit.framework.AssertionFailedError: weka.experiment.RegressionSplitEvaluator: setOptions method failed.
	at junit.framework.Assert.fail(Assert.java:47)
	at weka.core.OptionHandlersTest$OptionHandlerTest.testSetOptions(OptionHandlersTest.java:141)

testRemainingOptions(weka.core.OptionHandlersTest$OptionHandlerTest)  Time elapsed: 0 sec  <<< FAILURE!
junit.framework.AssertionFailedError: weka.experiment.RegressionSplitEvaluator: There were 'left-over' options.
	at junit.framework.Assert.fail(Assert.java:47)
	at weka.core.OptionHandlersTest$OptionHandlerTest.testRemainingOptions(OptionHandlersTest.java:153)

testCanonicalUserOptions(weka.core.OptionHandlersTest$OptionHandlerTest)  Time elapsed: 0.001 sec  <<< FAILURE!
junit.framework.AssertionFailedError: weka.experiment.RegressionSplitEvaluator: setOptions method failed
	at junit.framework.Assert.fail(Assert.java:47)
	at weka.core.OptionHandlersTest$OptionHandlerTest.testCanonicalUserOptions(OptionHandlersTest.java:167)

testResettingOptions(weka.core.OptionHandlersTest$OptionHandlerTest)  Time elapsed: 0 sec  <<< FAILURE!
junit.framework.AssertionFailedError: weka.experiment.RegressionSplitEvaluator: Resetting of options failed
	at junit.framework.Assert.fail(Assert.java:47)
	at weka.core.OptionHandlersTest$OptionHandlerTest.testResettingOptions(OptionHandlersTest.java:179)

testSetOptions(weka.core.OptionHandlersTest$OptionHandlerTest)  Time elapsed: 0 sec  <<< FAILURE!
junit.framework.AssertionFailedError: weka.core.converters.C45Saver: setOptions method failed.
	at junit.framework.Assert.fail(Assert.java:47)
	at weka.core.OptionHandlersTest$OptionHandlerTest.testSetOptions(OptionHandlersTest.java:141)

testRemainingOptions(weka.core.OptionHandlersTest$OptionHandlerTest)  Time elapsed: 0 sec  <<< FAILURE!
junit.framework.AssertionFailedError: weka.core.converters.C45Saver: There were 'left-over' options.
	at junit.framework.Assert.fail(Assert.java:47)
	at weka.core.OptionHandlersTest$OptionHandlerTest.testRemainingOptions(OptionHandlersTest.java:153)

testCanonicalUserOptions(weka.core.OptionHandlersTest$OptionHandlerTest)  Time elapsed: 0 sec  <<< FAILURE!
junit.framework.AssertionFailedError: weka.core.converters.C45Saver: setOptions method failed
	at junit.framework.Assert.fail(Assert.java:47)
	at weka.core.OptionHandlersTest$OptionHandlerTest.testCanonicalUserOptions(OptionHandlersTest.java:167)

testResettingOptions(weka.core.OptionHandlersTest$OptionHandlerTest)  Time elapsed: 0 sec  <<< FAILURE!
junit.framework.AssertionFailedError: weka.core.converters.C45Saver: Resetting of options failed
	at junit.framework.Assert.fail(Assert.java:47)
	at weka.core.OptionHandlersTest$OptionHandlerTest.testResettingOptions(OptionHandlersTest.java:179)

testSetOptions(weka.core.OptionHandlersTest$OptionHandlerTest)  Time elapsed: 0.001 sec  <<< FAILURE!
junit.framework.AssertionFailedError: weka.experiment.AveragingResultProducer: setOptions method failed.
	at junit.framework.Assert.fail(Assert.java:47)
	at weka.core.OptionHandlersTest$OptionHandlerTest.testSetOptions(OptionHandlersTest.java:141)

testRemainingOptions(weka.core.OptionHandlersTest$OptionHandlerTest)  Time elapsed: 0.001 sec  <<< FAILURE!
junit.framework.AssertionFailedError: weka.experiment.AveragingResultProducer: There were 'left-over' options.
	at junit.framework.Assert.fail(Assert.java:47)
	at weka.core.OptionHandlersTest$OptionHandlerTest.testRemainingOptions(OptionHandlersTest.java:153)

testCanonicalUserOptions(weka.core.OptionHandlersTest$OptionHandlerTest)  Time elapsed: 0.001 sec  <<< FAILURE!
junit.framework.AssertionFailedError: weka.experiment.AveragingResultProducer: setOptions method failed
	at junit.framework.Assert.fail(Assert.java:47)
	at weka.core.OptionHandlersTest$OptionHandlerTest.testCanonicalUserOptions(OptionHandlersTest.java:167)

testResettingOptions(weka.core.OptionHandlersTest$OptionHandlerTest)  Time elapsed: 0.001 sec  <<< FAILURE!
junit.framework.AssertionFailedError: weka.experiment.AveragingResultProducer: Resetting of options failed
	at junit.framework.Assert.fail(Assert.java:47)
	at weka.core.OptionHandlersTest$OptionHandlerTest.testResettingOptions(OptionHandlersTest.java:179)

testSetOptions(weka.core.OptionHandlersTest$OptionHandlerTest)  Time elapsed: 0.001 sec  <<< FAILURE!
junit.framework.AssertionFailedError: weka.experiment.CrossValidationResultProducer: setOptions method failed.
	at junit.framework.Assert.fail(Assert.java:47)
	at weka.core.OptionHandlersTest$OptionHandlerTest.testSetOptions(OptionHandlersTest.java:141)

testRemainingOptions(weka.core.OptionHandlersTest$OptionHandlerTest)  Time elapsed: 0 sec  <<< FAILURE!
junit.framework.AssertionFailedError: weka.experiment.CrossValidationResultProducer: There were 'left-over' options.
	at junit.framework.Assert.fail(Assert.java:47)
	at weka.core.OptionHandlersTest$OptionHandlerTest.testRemainingOptions(OptionHandlersTest.java:153)

testCanonicalUserOptions(weka.core.OptionHandlersTest$OptionHandlerTest)  Time elapsed: 0.001 sec  <<< FAILURE!
junit.framework.AssertionFailedError: weka.experiment.CrossValidationResultProducer: setOptions method failed
	at junit.framework.Assert.fail(Assert.java:47)
	at weka.core.OptionHandlersTest$OptionHandlerTest.testCanonicalUserOptions(OptionHandlersTest.java:167)

testResettingOptions(weka.core.OptionHandlersTest$OptionHandlerTest)  Time elapsed: 0.003 sec  <<< FAILURE!
junit.framework.AssertionFailedError: weka.experiment.CrossValidationResultProducer: Resetting of options failed
	at junit.framework.Assert.fail(Assert.java:47)
	at weka.core.OptionHandlersTest$OptionHandlerTest.testResettingOptions(OptionHandlersTest.java:179)

testSetOptions(weka.core.OptionHandlersTest$OptionHandlerTest)  Time elapsed: 0.003 sec  <<< FAILURE!
junit.framework.AssertionFailedError: weka.experiment.DatabaseResultProducer: setOptions method failed.
	at junit.framework.Assert.fail(Assert.java:47)
	at weka.core.OptionHandlersTest$OptionHandlerTest.testSetOptions(OptionHandlersTest.java:141)

testRemainingOptions(weka.core.OptionHandlersTest$OptionHandlerTest)  Time elapsed: 0.003 sec  <<< FAILURE!
junit.framework.AssertionFailedError: weka.experiment.DatabaseResultProducer: There were 'left-over' options.
	at junit.framework.Assert.fail(Assert.java:47)
	at weka.core.OptionHandlersTest$OptionHandlerTest.testRemainingOptions(OptionHandlersTest.java:153)

testCanonicalUserOptions(weka.core.OptionHandlersTest$OptionHandlerTest)  Time elapsed: 0.003 sec  <<< FAILURE!
junit.framework.AssertionFailedError: weka.experiment.DatabaseResultProducer: setOptions method failed
	at junit.framework.Assert.fail(Assert.java:47)
	at weka.core.OptionHandlersTest$OptionHandlerTest.testCanonicalUserOptions(OptionHandlersTest.java:167)

testResettingOptions(weka.core.OptionHandlersTest$OptionHandlerTest)  Time elapsed: 0.003 sec  <<< FAILURE!
junit.framework.AssertionFailedError: weka.experiment.DatabaseResultProducer: Resetting of options failed
	at junit.framework.Assert.fail(Assert.java:47)
	at weka.core.OptionHandlersTest$OptionHandlerTest.testResettingOptions(OptionHandlersTest.java:179)

testSetOptions(weka.core.OptionHandlersTest$OptionHandlerTest)  Time elapsed: 0.001 sec  <<< FAILURE!
junit.framework.AssertionFailedError: weka.experiment.LearningRateResultProducer: setOptions method failed.
	at junit.framework.Assert.fail(Assert.java:47)
	at weka.core.OptionHandlersTest$OptionHandlerTest.testSetOptions(OptionHandlersTest.java:141)

testRemainingOptions(weka.core.OptionHandlersTest$OptionHandlerTest)  Time elapsed: 0.002 sec  <<< FAILURE!
junit.framework.AssertionFailedError: weka.experiment.LearningRateResultProducer: There were 'left-over' options.
	at junit.framework.Assert.fail(Assert.java:47)
	at weka.core.OptionHandlersTest$OptionHandlerTest.testRemainingOptions(OptionHandlersTest.java:153)

testCanonicalUserOptions(weka.core.OptionHandlersTest$OptionHandlerTest)  Time elapsed: 0.002 sec  <<< FAILURE!
junit.framework.AssertionFailedError: weka.experiment.LearningRateResultProducer: setOptions method failed
	at junit.framework.Assert.fail(Assert.java:47)
	at weka.core.OptionHandlersTest$OptionHandlerTest.testCanonicalUserOptions(OptionHandlersTest.java:167)

testResettingOptions(weka.core.OptionHandlersTest$OptionHandlerTest)  Time elapsed: 0.001 sec  <<< FAILURE!
junit.framework.AssertionFailedError: weka.experiment.LearningRateResultProducer: Resetting of options failed
	at junit.framework.Assert.fail(Assert.java:47)
	at weka.core.OptionHandlersTest$OptionHandlerTest.testResettingOptions(OptionHandlersTest.java:179)

testSetOptions(weka.core.OptionHandlersTest$OptionHandlerTest)  Time elapsed: 0.001 sec  <<< FAILURE!
junit.framework.AssertionFailedError: weka.experiment.RandomSplitResultProducer: setOptions method failed.
	at junit.framework.Assert.fail(Assert.java:47)
	at weka.core.OptionHandlersTest$OptionHandlerTest.testSetOptions(OptionHandlersTest.java:141)

testRemainingOptions(weka.core.OptionHandlersTest$OptionHandlerTest)  Time elapsed: 0.001 sec  <<< FAILURE!
junit.framework.AssertionFailedError: weka.experiment.RandomSplitResultProducer: There were 'left-over' options.
	at junit.framework.Assert.fail(Assert.java:47)
	at weka.core.OptionHandlersTest$OptionHandlerTest.testRemainingOptions(OptionHandlersTest.java:153)

testCanonicalUserOptions(weka.core.OptionHandlersTest$OptionHandlerTest)  Time elapsed: 0.001 sec  <<< FAILURE!
junit.framework.AssertionFailedError: weka.experiment.RandomSplitResultProducer: setOptions method failed
	at junit.framework.Assert.fail(Assert.java:47)
	at weka.core.OptionHandlersTest$OptionHandlerTest.testCanonicalUserOptions(OptionHandlersTest.java:167)

testResettingOptions(weka.core.OptionHandlersTest$OptionHandlerTest)  Time elapsed: 0 sec  <<< FAILURE!
junit.framework.AssertionFailedError: weka.experiment.RandomSplitResultProducer: Resetting of options failed
	at junit.framework.Assert.fail(Assert.java:47)
	at weka.core.OptionHandlersTest$OptionHandlerTest.testResettingOptions(OptionHandlersTest.java:179)

