-------------------------------------------------------------------------------
Test set: weka.filters.unsupervised.attribute.RandomProjectionTest
-------------------------------------------------------------------------------
Tests run: 21, Failures: 1, Errors: 0, Skipped: 0, Time elapsed: 0.058 sec <<< FAILURE!
testRegression(weka.filters.unsupervised.attribute.RandomProjectionTest)  Time elapsed: 0.004 sec  <<< FAILURE!
junit.framework.AssertionFailedError: Regression test failed. Difference:
+++ Reference: src/test/resources/wekarefs/weka/filters/unsupervised/attribute/RandomProjectionTest.ref +++
@relation FilterTest-weka.filters.supervised.attribute.NominalToBinary-weka.filters.unsupervised.attribute.RandomProjection-N10-R42-DSparse1
@attribute K1 numeric
@attribute K2 numeric
@attribute K3 numeric
@attribute K4 numeric
@attribute K5 numeric
@attribute K6 numeric
@attribute K7 numeric
@attribute K8 numeric
@attribute K9 numeric
@attribute K10 numeric
@attribute NominalAtt1 {r,g,b}
@data
1.732051,-2.251666,-1.732051,0,-1.732051,0,-1708170676673.03168,-1.732051,1708170676674.763776,3.983717,g
5.196152,-5.715768,0,0,-1.732051,1.732051,-1708170676671.299584,-3.464102,1708170676674.763776,3.983717,b
8.660254,-2.424871,0,0,-3.464102,3.464102,-1708170676667.835392,-5.196152,1708170676671.299584,0.69282,r
13.856406,-9.179869,0,0,-5.196152,5.196152,-1708170676667.835392,-6.928203,1708170676669.567744,5.715768,r
15.588457,-2.771281,-1.732051,0,-8.660254,6.928203,-1708170676666.103552,-8.660254,1708170676667.835392,4.503332,b
19.052559,-12.643971,0,0,-8.660254,8.660254,-1708320325854.14528,-10.392305,1708320325857.609472,10.91192,r
12.124356,-3.117691,0,0,-10.392305,0,-1708320325850.681088,-12.124356,1708320325864.5376,-9.006664,r
25.980762,-16.108073,0,0,-12.124356,10.392305,-1708320325850.681088,-13.856406,1708320325854.14528,2.251666,g
27.712813,-3.464102,0,0,-15.588457,12.124356,-1712809801542.167808,-15.588457,1712809801545.631744,-1.732051,b
16.281278,-15.588457,0,0,-16.281278,0,-1712809801541.474816,-16.281278,1712809801557.75616,6.235383,r
2.424871,-12.643971,-1.732051,0,-2.424871,0,-1712959450745.105152,-2.424871,1712959450747.529984,25.807557,r
5.715768,-12.643971,0,0,-2.251666,1.732051,-1712959450743.546368,-3.983717,1712959450747.529984,22.51666,b
9.179869,1.732051,0,0,-3.983717,3.464102,-1712959450740.082176,-5.715768,1712959450744.065792,8.140639,r
14.376022,-9.179869,0,0,-5.715768,5.196152,-1712959450740.082176,-7.447818,1712959450742.333952,17.320508,r
16.108073,-9.699485,0,0,-9.179869,6.928203,-1713109099928.123904,-9.179869,1713109099930.37568,19.572174,g
19.918584,-7.447818,0,0,-9.526279,8.660254,-1713109099926.045696,-11.25833,1713109099930.37568,16.974098,b
12.990381,-4.849742,0,0,-11.25833,0,-1717748224805.573888,-12.990381,1717748224820.296448,14.376022,r
26.846788,-3.983717,0,0,-12.990381,10.392305,-1717748224805.573888,-14.722432,1717748224809.904128,3.117691,r
16.281278,0,-1.732051,0,-16.281278,0,-1717897873993.789184,-16.281278,1717897874010.070272,4.503332,r
9.179869,0,0,0,-5.715768,0,7.447818,-7.447818,0,-0.519615,r
10.392305,7.621024,-1.732051,0,0,10.392305,0,0,-10.392305,-4.156922,b
+++ Current +++
@relation FilterTest-weka.filters.supervised.attribute.NominalToBinary-weka.filters.unsupervised.attribute.RandomProjection-N10-R42-DSparse1
@attribute K1 numeric
@attribute K2 numeric
@attribute K3 numeric
@attribute K4 numeric
@attribute K5 numeric
@attribute K6 numeric
@attribute K7 numeric
@attribute K8 numeric
@attribute K9 numeric
@attribute K10 numeric
@attribute NominalAtt1 {r,g,b}
@data
1.732051,-2.251666,-1.732051,0,-1.732051,0,-1708289148948.269312,-1.732051,1708289148950.001152,3.983717,g
5.196152,-5.715768,0,0,-1.732051,1.732051,-1708289148946.537216,-3.464102,1708289148950.001152,3.983717,b
8.660254,-2.424871,0,0,-3.464102,3.464102,-1708289148943.073024,-5.196152,1708289148946.537216,0.69282,r
13.856406,-9.179869,0,0,-5.196152,5.196152,-1708289148943.073024,-6.928203,1708289148944.80512,5.715768,r
15.588457,-2.771281,-1.732051,0,-8.660254,6.928203,-1708289148941.341184,-8.660254,1708289148943.073024,4.503332,b
19.052559,-12.643971,0,0,-8.660254,8.660254,-1708438798129.382912,-10.392305,1708438798132.846848,10.91192,r
12.124356,-3.117691,0,0,-10.392305,0,-1708438798125.91872,-12.124356,1708438798139.775232,-9.006664,r
25.980762,-16.108073,0,0,-12.124356,10.392305,-1708438798125.91872,-13.856406,1708438798129.382912,2.251666,g
27.712813,-3.464102,0,0,-15.588457,12.124356,-1712928273817.405184,-15.588457,1712928273820.869376,-1.732051,b
16.281278,-15.588457,0,0,-16.281278,0,-1712928273816.712448,-16.281278,1712928273832.993536,6.235383,r
2.424871,-12.643971,-1.732051,0,-2.424871,0,-1713077923020.34304,-2.424871,1713077923022.767872,25.807557,r
5.715768,-12.643971,0,0,-2.251666,1.732051,-1713077923018.784256,-3.983717,1713077923022.767872,22.51666,b
9.179869,1.732051,0,0,-3.983717,3.464102,-1713077923015.320064,-5.715768,1713077923019.30368,8.140639,r
14.376022,-9.179869,0,0,-5.715768,5.196152,-1713077923015.320064,-7.447818,1713077923017.57184,17.320508,r
16.108073,-9.699485,0,0,-9.179869,6.928203,-1713227572203.361792,-9.179869,1713227572205.613568,19.572174,g
19.918584,-7.447818,0,0,-9.526279,8.660254,-1713227572201.283328,-11.25833,1713227572205.613568,16.974098,b
12.990381,-4.849742,0,0,-11.25833,0,-1717866697080.811776,-12.990381,1717866697095.53408,14.376022,r
26.846788,-3.983717,0,0,-12.990381,10.392305,-1717866697080.811776,-14.722432,1717866697085.14176,3.117691,r
16.281278,0,-1.732051,0,-16.281278,0,-1718016346269.026816,-16.281278,1718016346285.30816,4.503332,r
9.179869,0,0,0,-5.715768,0,7.447818,-7.447818,0,-0.519615,r
10.392305,7.621024,-1.732051,0,0,10.392305,0,0,-10.392305,-4.156922,b
+++
	at junit.framework.Assert.fail(Assert.java:47)
	at weka.filters.AbstractFilterTest.testRegression(AbstractFilterTest.java:402)
	at sun.reflect.GeneratedMethodAccessor108.invoke(Unknown Source)
	at sun.reflect.DelegatingMethodAccessorImpl.invoke(DelegatingMethodAccessorImpl.java:25)
	at java.lang.reflect.Method.invoke(Method.java:597)
	at junit.framework.TestCase.runTest(TestCase.java:164)
	at junit.framework.TestCase.runBare(TestCase.java:130)
	at junit.framework.TestResult$1.protect(TestResult.java:106)
	at junit.framework.TestResult.runProtected(TestResult.java:124)
	at junit.framework.TestResult.run(TestResult.java:109)
	at junit.framework.TestCase.run(TestCase.java:120)
	at junit.framework.TestSuite.runTest(TestSuite.java:230)
	at junit.framework.TestSuite.run(TestSuite.java:225)
	at sun.reflect.GeneratedMethodAccessor9.invoke(Unknown Source)
	at sun.reflect.DelegatingMethodAccessorImpl.invoke(DelegatingMethodAccessorImpl.java:25)
	at java.lang.reflect.Method.invoke(Method.java:597)
	at org.apache.maven.surefire.junit.JUnitTestSet.execute(JUnitTestSet.java:98)
	at org.apache.maven.surefire.junit.JUnit3Provider.executeTestSet(JUnit3Provider.java:107)
	at org.apache.maven.surefire.junit.JUnit3Provider.invoke(JUnit3Provider.java:84)
	at sun.reflect.NativeMethodAccessorImpl.invoke0(Native Method)
	at sun.reflect.NativeMethodAccessorImpl.invoke(NativeMethodAccessorImpl.java:39)
	at sun.reflect.DelegatingMethodAccessorImpl.invoke(DelegatingMethodAccessorImpl.java:25)
	at java.lang.reflect.Method.invoke(Method.java:597)
	at org.apache.maven.surefire.booter.ProviderFactory$ClassLoaderProxy.invoke(ProviderFactory.java:103)
	at $Proxy0.invoke(Unknown Source)
	at org.apache.maven.surefire.booter.SurefireStarter.invokeProvider(SurefireStarter.java:150)
	at org.apache.maven.surefire.booter.SurefireStarter.runSuitesInProcess(SurefireStarter.java:91)
	at org.apache.maven.surefire.booter.ForkedBooter.main(ForkedBooter.java:69)

