-------------------------------------------------------------------------------
Test set: weka.classifiers.functions.RBFNetworkTest
-------------------------------------------------------------------------------
Tests run: 23, Failures: 1, Errors: 0, Skipped: 0, Time elapsed: 0.687 sec <<< FAILURE!
testRegression(weka.classifiers.functions.RBFNetworkTest)  Time elapsed: 0.027 sec  <<< FAILURE!
junit.framework.AssertionFailedError: Regression test failed. Difference:
+++ Reference: src/test/resources/wekarefs/weka/classifiers/functions/RBFNetworkTest.ref +++
20 predictions
NUM: 0.09275306761264801 0.12214176372852514 1.0
NUM: 0.15405341982841492 0.12214176372852514 1.0
NUM: 1.2271536439657211 1.1392787159902085 1.0
NUM: 0.15698331594467163 0.12214176372852514 1.0
NUM: 1.249730408191681 1.1392787159902085 1.0
NUM: 1.0315644443035126 1.1392787159902085 1.0
NUM: 0.16763955354690552 0.12214176372852514 1.0
NUM: 1.1637633442878723 1.1392787159902085 1.0
NUM: 0.03405621647834778 0.12214176372852514 1.0
NUM: 1.1926164031028748 1.1392787159902085 1.0
NUM: 1.0709819793701172 1.1392787159902085 1.0
NUM: 0.09164053201675415 0.12214176372852514 1.0
NUM: 1.0934590250253677 1.1392787159902085 1.0
NUM: 1.2005050480365753 1.1392787159902085 1.0
NUM: 1.0241127163171768 1.1392787159902085 1.0
NUM: 1.2281647473573685 1.1392787159902085 1.0
NUM: 1.0743392556905746 1.1392787159902085 1.0
NUM: 1.070549562573433 1.1392787159902085 1.0
NUM: 1.2246422618627548 1.1392787159902085 1.0
NUM: 0.0042693763971328735 0.12214176372852514 1.0
20 predictions
NOM: 1.0 1.0 1.0 7.363205223327257E-7 0.9999992636794776
NOM: 0.0 0.0 1.0 0.9999999999271749 7.282515042413713E-11
NOM: 1.0 1.0 1.0 6.816047347479395E-7 0.9999993183952652
NOM: 1.0 1.0 1.0 7.707986390593549E-7 0.999999229201361
NOM: 1.0 1.0 1.0 6.717902848932353E-7 0.9999993282097152
NOM: 0.0 0.0 1.0 0.9999999999282689 7.173098467988636E-11
NOM: 1.0 1.0 1.0 6.764861780888981E-7 0.9999993235138218
NOM: 1.0 1.0 1.0 6.668983281093756E-7 0.9999993331016719
NOM: 0.0 0.0 1.0 0.9999999999276747 7.232518245814985E-11
NOM: 0.0 0.0 1.0 0.9999999999280977 7.190216788996958E-11
NOM: 0.0 0.0 1.0 0.9999999999273319 7.26681674712588E-11
NOM: 1.0 1.0 1.0 8.413045287419333E-7 0.9999991586954712
NOM: 0.0 0.0 1.0 0.9999999999276818 7.231820226633971E-11
NOM: 0.0 0.0 1.0 0.9999999999279137 7.208637496744808E-11
NOM: 0.0 0.0 1.0 0.9999999999271845 7.28154668585329E-11
NOM: 1.0 1.0 1.0 7.721174501465528E-7 0.9999992278825498
NOM: 0.0 0.0 1.0 0.9999999999281319 7.186800501503336E-11
NOM: 1.0 1.0 1.0 8.26554441444628E-7 0.9999991734455587
NOM: 0.0 0.0 1.0 0.9999999999271709 7.282904736370312E-11
NOM: 1.0 1.0 1.0 6.831981012411189E-7 0.9999993168018988
20 predictions
NUM: 4.03932606E12 0.0 1.0
NUM: 1.67248446E12 0.0 1.0
NUM: 3.34501566E12 0.0 1.0
NUM: 2.20894206E12 0.0 1.0
NUM: 1.29379326E12 0.0 1.0
NUM: 2.39833086E12 0.0 1.0
NUM: 1.92494526E12 0.0 1.0
NUM: 1.13602686E12 0.0 1.0
NUM: 2.58763326E12 0.0 1.0
NUM: 1.00979646E12 0.0 1.0
NUM: 1.95648126E12 0.0 1.0
NUM: 2.27210046E12 0.0 1.0
NUM: 1.60941246E12 0.0 1.0
NUM: 3.88155966E12 0.0 1.0
NUM: 2.05117566E12 0.0 1.0
NUM: 9.4663806E11 0.0 1.0
NUM: 3.59747646E12 0.0 1.0
NUM: 2.99794686E12 0.0 1.0
NUM: 3.81840126E12 0.0 1.0
NUM: 1.19909886E12 0.0 1.0
+++ Current +++
20 predictions
NUM: 0.09275306761264801 0.12214176372852514 1.0
NUM: 0.15405341982841492 0.12214176372852514 1.0
NUM: 1.2271536439657211 1.1392787159902085 1.0
NUM: 0.15698331594467163 0.12214176372852514 1.0
NUM: 1.249730408191681 1.1392787159902085 1.0
NUM: 1.0315644443035126 1.1392787159902085 1.0
NUM: 0.16763955354690552 0.12214176372852514 1.0
NUM: 1.1637633442878723 1.1392787159902085 1.0
NUM: 0.03405621647834778 0.12214176372852514 1.0
NUM: 1.1926164031028748 1.1392787159902085 1.0
NUM: 1.0709819793701172 1.1392787159902085 1.0
NUM: 0.09164053201675415 0.12214176372852514 1.0
NUM: 1.0934590250253677 1.1392787159902085 1.0
NUM: 1.2005050480365753 1.1392787159902085 1.0
NUM: 1.0241127163171768 1.1392787159902085 1.0
NUM: 1.2281647473573685 1.1392787159902085 1.0
NUM: 1.0743392556905746 1.1392787159902085 1.0
NUM: 1.070549562573433 1.1392787159902085 1.0
NUM: 1.2246422618627548 1.1392787159902085 1.0
NUM: 0.0042693763971328735 0.12214176372852514 1.0
20 predictions
NOM: 1.0 1.0 1.0 7.363205223327257E-7 0.9999992636794776
NOM: 0.0 0.0 1.0 0.9999999999271749 7.282515042413713E-11
NOM: 1.0 1.0 1.0 6.816047347479395E-7 0.9999993183952652
NOM: 1.0 1.0 1.0 7.707986390593549E-7 0.999999229201361
NOM: 1.0 1.0 1.0 6.717902848932353E-7 0.9999993282097152
NOM: 0.0 0.0 1.0 0.9999999999282689 7.173098467988636E-11
NOM: 1.0 1.0 1.0 6.764861780888981E-7 0.9999993235138218
NOM: 1.0 1.0 1.0 6.668983281093744E-7 0.9999993331016719
NOM: 0.0 0.0 1.0 0.9999999999276747 7.232518245814985E-11
NOM: 0.0 0.0 1.0 0.9999999999280977 7.190216788996958E-11
NOM: 0.0 0.0 1.0 0.9999999999273319 7.26681674712588E-11
NOM: 1.0 1.0 1.0 8.413045287419333E-7 0.9999991586954712
NOM: 0.0 0.0 1.0 0.9999999999276818 7.231820226633971E-11
NOM: 0.0 0.0 1.0 0.9999999999279137 7.208637496744808E-11
NOM: 0.0 0.0 1.0 0.9999999999271845 7.28154668585329E-11
NOM: 1.0 1.0 1.0 7.721174501465528E-7 0.9999992278825498
NOM: 0.0 0.0 1.0 0.9999999999281319 7.186800501503336E-11
NOM: 1.0 1.0 1.0 8.265544414446295E-7 0.9999991734455587
NOM: 0.0 0.0 1.0 0.9999999999271709 7.282904736370312E-11
NOM: 1.0 1.0 1.0 6.831981012411189E-7 0.9999993168018988
20 predictions
NUM: 4.03940166E12 0.0 1.0
NUM: 1.67256006E12 0.0 1.0
NUM: 3.34509126E12 0.0 1.0
NUM: 2.20901766E12 0.0 1.0
NUM: 1.29386886E12 0.0 1.0
NUM: 2.39840646E12 0.0 1.0
NUM: 1.92502086E12 0.0 1.0
NUM: 1.13610246E12 0.0 1.0
NUM: 2.58770886E12 0.0 1.0
NUM: 1.00987206E12 0.0 1.0
NUM: 1.95655686E12 0.0 1.0
NUM: 2.27217606E12 0.0 1.0
NUM: 1.60948806E12 0.0 1.0
NUM: 3.88163526E12 0.0 1.0
NUM: 2.05125126E12 0.0 1.0
NUM: 9.4671366E11 0.0 1.0
NUM: 3.59755206E12 0.0 1.0
NUM: 2.99802246E12 0.0 1.0
NUM: 3.81847686E12 0.0 1.0
NUM: 1.19917446E12 0.0 1.0
+++
	at junit.framework.Assert.fail(Assert.java:47)
	at weka.classifiers.AbstractClassifierTest.testRegression(AbstractClassifierTest.java:975)
	at sun.reflect.GeneratedMethodAccessor56.invoke(Unknown Source)
	at sun.reflect.DelegatingMethodAccessorImpl.invoke(DelegatingMethodAccessorImpl.java:25)
	at java.lang.reflect.Method.invoke(Method.java:597)
	at junit.framework.TestCase.runTest(TestCase.java:164)
	at junit.framework.TestCase.runBare(TestCase.java:130)
	at junit.framework.TestResult$1.protect(TestResult.java:106)
	at junit.framework.TestResult.runProtected(TestResult.java:124)
	at junit.framework.TestResult.run(TestResult.java:109)
	at junit.framework.TestCase.run(TestCase.java:120)
	at junit.framework.TestSuite.runTest(TestSuite.java:230)
	at junit.framework.TestSuite.run(TestSuite.java:225)
	at sun.reflect.GeneratedMethodAccessor9.invoke(Unknown Source)
	at sun.reflect.DelegatingMethodAccessorImpl.invoke(DelegatingMethodAccessorImpl.java:25)
	at java.lang.reflect.Method.invoke(Method.java:597)
	at org.apache.maven.surefire.junit.JUnitTestSet.execute(JUnitTestSet.java:98)
	at org.apache.maven.surefire.junit.JUnit3Provider.executeTestSet(JUnit3Provider.java:107)
	at org.apache.maven.surefire.junit.JUnit3Provider.invoke(JUnit3Provider.java:84)
	at sun.reflect.NativeMethodAccessorImpl.invoke0(Native Method)
	at sun.reflect.NativeMethodAccessorImpl.invoke(NativeMethodAccessorImpl.java:39)
	at sun.reflect.DelegatingMethodAccessorImpl.invoke(DelegatingMethodAccessorImpl.java:25)
	at java.lang.reflect.Method.invoke(Method.java:597)
	at org.apache.maven.surefire.booter.ProviderFactory$ClassLoaderProxy.invoke(ProviderFactory.java:103)
	at $Proxy0.invoke(Unknown Source)
	at org.apache.maven.surefire.booter.SurefireStarter.invokeProvider(SurefireStarter.java:150)
	at org.apache.maven.surefire.booter.SurefireStarter.runSuitesInProcess(SurefireStarter.java:91)
	at org.apache.maven.surefire.booter.ForkedBooter.main(ForkedBooter.java:69)

